1538199899393	geckodriver	INFO	geckodriver 0.21.0
1538199899400	geckodriver	INFO	Listening on 127.0.0.1:54324
1538199902430	mozrunner::runner	INFO	Running command: "C:\\Program Files\\Mozilla Firefox\\firefox.exe" "-marionette" "-foreground" "-no-remote" "-profile" "C:\\Users\\Synergy\\AppData\\Local\\Temp\\rust_mozprofile.fWJCvJ9SsWmS"
1538199906694	Marionette	INFO	Listening on port 54332
1538199906903	Marionette	WARN	TLS certificate errors will be ignored for this session
1538199906933	Marionette	DEBUG	[6442450945] Frame script loaded
1538199906960	Marionette	DEBUG	[6442450945] Frame script registered
1538199952225	Marionette	DEBUG	[6442450945] Received DOM event beforeunload for about:blank
1538199954363	Marionette	DEBUG	[6442450945] Received DOM event pagehide for about:blank
JavaScript error: https://www.poultrybazaar.net/poultryrates/daily-rates/broiler-rates/, line 368: SyntaxError: '' string literal contains an unescaped line break
1538199960567	Marionette	DEBUG	[6442450945] Received DOM event DOMContentLoaded for https://www.poultrybazaar.net/poultryrates/daily-rates/broiler-rates/
1538199962641	Marionette	DEBUG	[6442450945] Received observer notification outer-window-destroyed for 6442450961
1538200035491	Marionette	DEBUG	[6442450945] Received DOM event pageshow for https://www.poultrybazaar.net/poultryrates/daily-rates/broiler-rates/
JavaScript error: resource://devtools/shared/base-loader.js -> resource://devtools/client/framework/toolbox.js, line 1272: TypeError: currentPanel is undefined
[Child 11404, Chrome_ChildThread] WARNING: pipe error: 109: file z:/build/build/src/ipc/chromium/src/chrome/common/ipc_channel_win.cc, line 346
[Child 15016, Chrome_ChildThread] WARNING: pipe error: 109: file z:/build/build/src/ipc/chromium/src/chrome/common/ipc_channel_win.cc, line 346
[Child 15016, Chrome_ChildThread] WARNING: pipe error: 109: file z:/build/build/src/ipc/chromium/src/chrome/common/ipc_channel_win.cc, line 346
[Parent 4444, Gecko_IOThread] WARNING: pipe error: 109: file z:/build/build/src/ipc/chromium/src/chrome/common/ipc_channel_win.cc, line 346
[Parent 4444, Gecko_IOThread] WARNING: file z:/build/build/src/ipc/chromium/src/base/process_util_win.cc, line 188
[Child 5128, Chrome_ChildThread] WARNING: pipe error: 109: file z:/build/build/src/ipc/chromium/src/chrome/common/ipc_channel_win.cc, line 346
[Child 5128, Chrome_ChildThread] WARNING: pipe error: 109: file z:/build/bu1538200822073	Marionette	INFO	Stopped listening on port 54332

###!!! [Child][MessageChannel::SendAndWait] Error: Channel error: cannot send/recv

